Warning: Design 'processor' has '4' unresolved references. For more detailed information, use the "link" command. (UID-341)
Information: Performing power optimization. (PWR-850)
Alib files are up-to-date.
Information: Evaluating DesignWare library utilization. (UISN-27)

============================================================================
| DesignWare Building Block Library  |         Version         | Available |
============================================================================
| Basic DW Building Blocks           | J-2014.09-DWBB_201409.4 |     *     |
| Licensed DW Building Blocks        | J-2014.09-DWBB_201409.4 |     *     |
============================================================================

Information: Sequential output inversion is enabled.  SVF file must be used for formal verification. (OPT-1208)

Information: There are 122 potential problems in your design. Please run 'check_design' for more information. (LINT-99)


Information: Building the design 'rom' instantiated from design 'processor' with
	the parameters "SIZE=512". (HDL-193)
Error:  /users/ugrad2/2015/summer/binhnn1/EECS112L/assignment3/syn/design/rom.vhd:19: Access types are not supported for synthesis. (ELAB-926)
*** Presto compilation terminated with 1 errors. ***
Information: Building the design 'regfile' instantiated from design 'processor' with
	the parameters "SIZE=32". (HDL-193)
Error:  /users/ugrad2/2015/summer/binhnn1/EECS112L/assignment3/syn/design/regfile.vhd:29: An if statement containing a clock event has an illegal else branch and is not supported for synthesis. (ELAB-928)
Error:  /users/ugrad2/2015/summer/binhnn1/EECS112L/assignment3/syn/design/regfile.vhd:29: An if statement containing a clock event has an illegal else branch and is not supported for synthesis. (ELAB-928)
Error:  /users/ugrad2/2015/summer/binhnn1/EECS112L/assignment3/syn/design/regfile.vhd:29: An if statement containing a clock event has an illegal else branch and is not supported for synthesis. (ELAB-928)
*** Presto compilation terminated with 3 errors. ***
Information: Building the design 'alu'. (HDL-193)
Error:  /users/ugrad2/2015/summer/binhnn1/EECS112L/assignment3/syn/design/alu.vhd:28: Constant value required. (ELAB-922)
*** Presto compilation terminated with 1 errors. ***
Information: Building the design 'ram' instantiated from design 'processor' with
	the parameters "SIZE=512". (HDL-193)
Error:  /users/ugrad2/2015/summer/binhnn1/EECS112L/assignment3/syn/design/ram.vhd:32: Constant value required. (ELAB-922)
*** Presto compilation terminated with 1 errors. ***
Warning: Unable to resolve reference 'rom' in 'processor'. (LINK-5)
Warning: Unable to resolve reference 'regfile' in 'processor'. (LINK-5)
Warning: Unable to resolve reference 'alu' in 'processor'. (LINK-5)
Warning: Unable to resolve reference 'ram' in 'processor'. (LINK-5)
Loaded alib file './alib-52/saed32lvt_tt1p05vn40c.db.alib'
Information: Ungrouping hierarchy inst0 before Pass 1 (OPT-776)
Information: Ungrouping hierarchy instpcadd before Pass 1 (OPT-776)
Information: Ungrouping hierarchy instpca before Pass 1 (OPT-776)
Information: Ungrouping hierarchy inst1m2 before Pass 1 (OPT-776)
Information: Ungrouping hierarchy instc before Pass 1 (OPT-776)
Information: Ungrouping hierarchy instd before Pass 1 (OPT-776)
Information: Ungrouping hierarchy instshift before Pass 1 (OPT-776)
Information: Ungrouping hierarchy inst6 before Pass 1 (OPT-776)
Information: Ungrouping hierarchy inste before Pass 1 (OPT-776)
Information: Ungrouping hierarchy inst10 before Pass 1 (OPT-776)
Information: Ungrouping 10 of 17 hierarchies before Pass 1 (OPT-775)
Information: State dependent leakage is now switched from on to off.

  Beginning Pass 1 Mapping
  ------------------------
  Processing 'processor'
 Implement Synthetic for 'processor'.
  Processing 'controller'
  Processing 'mux2to1_S32_0'
  Processing 'mux2to1_S5_0'
  Processing 'sign_extender_SIZE16'
  Processing 'sign_extender_SIZE5'
Information: Building the design 'rom' instantiated from design 'processor' with
	the parameters "SIZE=512". (HDL-193)
Error:  /users/ugrad2/2015/summer/binhnn1/EECS112L/assignment3/syn/design/rom.vhd:19: Access types are not supported for synthesis. (ELAB-926)
*** Presto compilation terminated with 1 errors. ***
Information: Building the design 'regfile' instantiated from design 'processor' with
	the parameters "SIZE=32". (HDL-193)
Error:  /users/ugrad2/2015/summer/binhnn1/EECS112L/assignment3/syn/design/regfile.vhd:29: An if statement containing a clock event has an illegal else branch and is not supported for synthesis. (ELAB-928)
Error:  /users/ugrad2/2015/summer/binhnn1/EECS112L/assignment3/syn/design/regfile.vhd:29: An if statement containing a clock event has an illegal else branch and is not supported for synthesis. (ELAB-928)
Error:  /users/ugrad2/2015/summer/binhnn1/EECS112L/assignment3/syn/design/regfile.vhd:29: An if statement containing a clock event has an illegal else branch and is not supported for synthesis. (ELAB-928)
*** Presto compilation terminated with 3 errors. ***
Information: Building the design 'alu'. (HDL-193)
Error:  /users/ugrad2/2015/summer/binhnn1/EECS112L/assignment3/syn/design/alu.vhd:28: Constant value required. (ELAB-922)
*** Presto compilation terminated with 1 errors. ***
Information: Building the design 'ram' instantiated from design 'processor' with
	the parameters "SIZE=512". (HDL-193)
Error:  /users/ugrad2/2015/summer/binhnn1/EECS112L/assignment3/syn/design/ram.vhd:32: Constant value required. (ELAB-922)
*** Presto compilation terminated with 1 errors. ***
Warning: Unable to resolve reference 'rom' in 'processor'. (LINK-5)
Warning: Unable to resolve reference 'regfile' in 'processor'. (LINK-5)
Warning: Unable to resolve reference 'alu' in 'processor'. (LINK-5)
Warning: Unable to resolve reference 'ram' in 'processor'. (LINK-5)

  Updating timing information
Information: Updating design information... (UID-85)
Information: The library cell 'PMT3_LVT' in the library 'saed32lvt_tt1p05vn40c' is not characterized for internal power. (PWR-536)
Information: The library cell 'PMT2_LVT' in the library 'saed32lvt_tt1p05vn40c' is not characterized for internal power. (PWR-536)
Information: The library cell 'PMT1_LVT' in the library 'saed32lvt_tt1p05vn40c' is not characterized for internal power. (PWR-536)
Information: The library cell 'NMT3_LVT' in the library 'saed32lvt_tt1p05vn40c' is not characterized for internal power. (PWR-536)
Information: The library cell 'NMT2_LVT' in the library 'saed32lvt_tt1p05vn40c' is not characterized for internal power. (PWR-536)
Information: The library cell 'NMT1_LVT' in the library 'saed32lvt_tt1p05vn40c' is not characterized for internal power. (PWR-536)
Information: The target library(s) contains cell(s), other than black boxes, that are not characterized for internal power. (PWR-24)

Threshold voltage group cell usage:
>> saed32cell_lvt 100.00%

  Beginning Mapping Optimizations  (Ultra High effort)
  -------------------------------
Information: Added key list 'DesignWare' to design 'processor'. (DDB-72)
  Mapping Optimization (Phase 1)
Information: Removing unused design 'sign_extender_SIZE5'. (OPT-1055)

                                  TOTAL                                                
   ELAPSED            WORST NEG   SETUP    DESIGN                              LEAKAGE 
    TIME      AREA      SLACK     COST    RULE COST         ENDPOINT            POWER  
  --------- --------- --------- --------- --------- ------------------------- ---------
    0:00:05    1698.2      0.00       0.0       0.6                           1002033472.0000
    0:00:05    1698.2      0.00       0.0       0.6                           1002033472.0000
    0:00:05    1698.2      0.00       0.0       0.6                           1002033472.0000
    0:00:05    1698.2      0.00       0.0       0.6                           1002033472.0000
  Re-synthesis Optimization (Phase 1)
  Re-synthesis Optimization (Phase 2)
  Global Optimization (Phase 1)
  Global Optimization (Phase 2)
  Global Optimization (Phase 3)
  Global Optimization (Phase 4)
  Global Optimization (Phase 5)
  Global Optimization (Phase 6)
  Global Optimization (Phase 7)
  Global Optimization (Phase 8)
  Global Optimization (Phase 9)
  Global Optimization (Phase 10)
  Global Optimization (Phase 11)
  Global Optimization (Phase 12)
  Global Optimization (Phase 13)
  Global Optimization (Phase 14)
  Global Optimization (Phase 15)
  Global Optimization (Phase 16)
  Global Optimization (Phase 17)
  Global Optimization (Phase 18)
  Global Optimization (Phase 19)
  Global Optimization (Phase 20)
  Global Optimization (Phase 21)
  Global Optimization (Phase 22)
  Global Optimization (Phase 23)
  Global Optimization (Phase 24)
  Global Optimization (Phase 25)
  Global Optimization (Phase 26)
  Global Optimization (Phase 27)
  Global Optimization (Phase 28)
  Global Optimization (Phase 29)
  Global Optimization (Phase 30)



  Beginning Delay Optimization Phase
  ----------------------------------

                                  TOTAL                                                
   ELAPSED            WORST NEG   SETUP    DESIGN                              LEAKAGE 
    TIME      AREA      SLACK     COST    RULE COST         ENDPOINT            POWER  
  --------- --------- --------- --------- --------- ------------------------- ---------
    0:00:05    1669.4      0.00       0.0       1.3                           968097024.0000
    0:00:05    1672.4      0.00       0.0       0.9                           949765824.0000
    0:00:05    1672.4      0.00       0.0       0.9                           949765824.0000
    0:00:05    1672.4      0.00       0.0       0.9                           949765824.0000
    0:00:05    1672.4      0.00       0.0       0.9                           949765824.0000
    0:00:05    1672.4      0.00       0.0       0.9                           949765824.0000
    0:00:05    1672.4      0.00       0.0       0.9                           949765824.0000
    0:00:05    1672.4      0.00       0.0       0.9                           949765824.0000
    0:00:05    1672.4      0.00       0.0       0.9                           949765824.0000
    0:00:05    1672.4      0.00       0.0       0.9                           949765824.0000
    0:00:05    1672.4      0.00       0.0       0.9                           949765824.0000

Threshold voltage group cell usage:
>> saed32cell_lvt 100.00%

  Beginning Delay Optimization
  ----------------------------
    0:00:05    1672.4      0.00       0.0       0.9                           949765824.0000
    0:00:05    1672.4      0.00       0.0       0.9                           949765824.0000
    0:00:05    1672.4      0.00       0.0       0.9                           949765824.0000
    0:00:05    1672.4      0.00       0.0       0.9                           949765824.0000
    0:00:05    1672.4      0.00       0.0       0.9                           949765824.0000
    0:00:05    1672.4      0.00       0.0       0.9                           949765824.0000
    0:00:05    1672.4      0.00       0.0       0.9                           949765824.0000
    0:00:05    1672.4      0.00       0.0       0.9                           949765824.0000


  Beginning Design Rule Fixing  (max_capacitance)
  ----------------------------

                                  TOTAL                                                
   ELAPSED            WORST NEG   SETUP    DESIGN                              LEAKAGE 
    TIME      AREA      SLACK     COST    RULE COST         ENDPOINT            POWER  
  --------- --------- --------- --------- --------- ------------------------- ---------
    0:00:05    1672.4      0.00       0.0       0.9                           949765824.0000
  Global Optimization (Phase 31)
  Global Optimization (Phase 32)
  Global Optimization (Phase 33)
    0:00:05    1674.2      0.00       0.0       0.0                           953906048.0000
    0:00:05    1674.2      0.00       0.0       0.0                           953906048.0000

                                  TOTAL                                                
   ELAPSED            WORST NEG   SETUP    DESIGN                              LEAKAGE 
    TIME      AREA      SLACK     COST    RULE COST         ENDPOINT            POWER  
  --------- --------- --------- --------- --------- ------------------------- ---------
    0:00:05    1674.2      0.00       0.0       0.0                           953906048.0000
    0:00:06    1672.8      0.00       0.0       0.0                           950734976.0000

Threshold voltage group cell usage:
>> saed32cell_lvt 100.00%


  Beginning Leakage Power Optimization  (max_leakage_power 0)
  ------------------------------------

                                  TOTAL                                                
   ELAPSED            WORST NEG   SETUP    DESIGN                              LEAKAGE 
    TIME      AREA      SLACK     COST    RULE COST         ENDPOINT            POWER  
  --------- --------- --------- --------- --------- ------------------------- ---------
    0:00:06    1672.8      0.00       0.0       0.0                           950734976.0000
  Global Optimization (Phase 34)
  Global Optimization (Phase 35)
  Global Optimization (Phase 36)
  Global Optimization (Phase 37)
  Global Optimization (Phase 38)
  Global Optimization (Phase 39)
  Global Optimization (Phase 40)
  Global Optimization (Phase 41)
  Global Optimization (Phase 42)
  Global Optimization (Phase 43)
  Global Optimization (Phase 44)
    0:00:06    1671.3      0.00       0.0       0.0                           950434496.0000
    0:00:06    1671.3      0.00       0.0       0.0                           950434496.0000
    0:00:06    1671.3      0.00       0.0       0.0                           950434496.0000
    0:00:06    1671.3      0.00       0.0       0.0                           950434496.0000
    0:00:06    1671.3      0.00       0.0       0.0                           950434496.0000
    0:00:06    1671.3      0.00       0.0       0.0                           950434496.0000
    0:00:06    1671.3      0.00       0.0       0.0                           950434496.0000
    0:00:06    1671.3      0.00       0.0       0.0                           950434496.0000
    0:00:06    1671.3      0.00       0.0       0.0                           950434496.0000
    0:00:06    1671.3      0.00       0.0       0.0                           950434496.0000
    0:00:06    1671.3      0.00       0.0       0.0                           950434496.0000
    0:00:06    1671.3      0.00       0.0       0.0                           950434496.0000
    0:00:06    1671.3      0.00       0.0       0.0                           950434496.0000
    0:00:06    1671.3      0.00       0.0       0.0                           950434496.0000
    0:00:06    1671.3      0.00       0.0       0.0                           950434496.0000
    0:00:06    1671.3      0.00       0.0       0.0                           950434496.0000
    0:00:06    1671.3      0.00       0.0       0.0                           950434496.0000
    0:00:06    1671.3      0.00       0.0       0.0                           950434496.0000
    0:00:06    1671.3      0.00       0.0       0.0                           950434496.0000
    0:00:06    1671.3      0.00       0.0       0.0                           950434496.0000

                                  TOTAL                                                
   ELAPSED            WORST NEG   SETUP    DESIGN                              LEAKAGE 
    TIME      AREA      SLACK     COST    RULE COST         ENDPOINT            POWER  
  --------- --------- --------- --------- --------- ------------------------- ---------
    0:00:06    1671.3      0.00       0.0       0.0                           950434496.0000
    0:00:06    1683.5      0.00       0.0       0.0                           955036736.0000
    0:00:06    1683.5      0.00       0.0       0.0                           955036736.0000
    0:00:06    1685.0      0.00       0.0       0.0                           946164480.0000
    0:00:06    1685.0      0.00       0.0       0.0                           946164480.0000
Loading db file '/users/ugrad2/2012/spring/pooriam/libraries/saed32lvt_tt1p05vn40c.db'
Loading db file '/users/ugrad2/2012/spring/pooriam/libraries/saed32sram_tt1p05vn40c.db'


Note: Symbol # after min delay cost means estimated hold TNS across all active scenarios 


  Optimization Complete
  ---------------------
Information: Building the design 'rom' instantiated from design 'processor' with
	the parameters "SIZE=512". (HDL-193)
Error:  /users/ugrad2/2015/summer/binhnn1/EECS112L/assignment3/syn/design/rom.vhd:19: Access types are not supported for synthesis. (ELAB-926)
*** Presto compilation terminated with 1 errors. ***
Information: Building the design 'regfile' instantiated from design 'processor' with
	the parameters "SIZE=32". (HDL-193)
Error:  /users/ugrad2/2015/summer/binhnn1/EECS112L/assignment3/syn/design/regfile.vhd:29: An if statement containing a clock event has an illegal else branch and is not supported for synthesis. (ELAB-928)
Error:  /users/ugrad2/2015/summer/binhnn1/EECS112L/assignment3/syn/design/regfile.vhd:29: An if statement containing a clock event has an illegal else branch and is not supported for synthesis. (ELAB-928)
Error:  /users/ugrad2/2015/summer/binhnn1/EECS112L/assignment3/syn/design/regfile.vhd:29: An if statement containing a clock event has an illegal else branch and is not supported for synthesis. (ELAB-928)
*** Presto compilation terminated with 3 errors. ***
Information: Building the design 'alu'. (HDL-193)
Error:  /users/ugrad2/2015/summer/binhnn1/EECS112L/assignment3/syn/design/alu.vhd:28: Constant value required. (ELAB-922)
*** Presto compilation terminated with 1 errors. ***
Information: Building the design 'ram' instantiated from design 'processor' with
	the parameters "SIZE=512". (HDL-193)
Error:  /users/ugrad2/2015/summer/binhnn1/EECS112L/assignment3/syn/design/ram.vhd:32: Constant value required. (ELAB-922)
*** Presto compilation terminated with 1 errors. ***
Warning: Unable to resolve reference 'rom' in 'processor'. (LINK-5)
Warning: Unable to resolve reference 'regfile' in 'processor'. (LINK-5)
Warning: Unable to resolve reference 'alu' in 'processor'. (LINK-5)
Warning: Unable to resolve reference 'ram' in 'processor'. (LINK-5)
Information: State dependent leakage is now switched from off to on.
Information: Propagating switching activity (low effort zero delay simulation). (PWR-6)
Warning: Design has unannotated black box outputs. (PWR-428)
1
