# vsim -l simulation.log "+licq" -c processor_tb_opt -do "sim.do" 
# Start time: 17:08:54 on Jan 25,2016
# //  Questa Sim-64
# //  Version 10.4c linux_x86_64 Jul 19 2015
# //
# //  Copyright 1991-2015 Mentor Graphics Corporation
# //  All Rights Reserved.
# //
# //  THIS WORK CONTAINS TRADE SECRET AND PROPRIETARY INFORMATION
# //  WHICH IS THE PROPERTY OF MENTOR GRAPHICS CORPORATION OR ITS
# //  LICENSORS AND IS SUBJECT TO LICENSE TERMS.
# //  THIS DOCUMENT CONTAINS TRADE SECRETS AND COMMERCIAL OR FINANCIAL
# //  INFORMATION THAT ARE PRIVILEGED, CONFIDENTIAL, AND EXEMPT FROM
# //  DISCLOSURE UNDER THE FREEDOM OF INFORMATION ACT, 5 U.S.C. SECTION 552.
# //  FURTHERMORE, THIS INFORMATION IS PROHIBITED FROM DISCLOSURE UNDER
# //  THE TRADE SECRETS ACT, 18 U.S.C. SECTION 1905.
# //
# Loading std.standard
# Loading std.textio(body)
# Loading ieee.std_logic_1164(body)
# Loading work.processor_pack
# Loading work.processor_tb(logic)#1
# Loading ieee.numeric_std(body)
# Loading work.processor(logic)#1
# Loading ieee.numeric_std_unsigned(body)
# Loading work.rom(logic)#1
# Loading work.pc(logic)#1
# Loading work.controller(logic)#1
# Loading work.mux2to1(logic)#1
# Loading work.regfile(logic)#1
# Loading work.sign_extender(logic)#1
# Loading work.mux2to1(logic)#2
# Loading work.alu_controller(logic)#1
# Loading work.alu(logic)#1
# Loading work.ram(logic)#1
# Loading work.mux2to1(logic)#3
# do sim.do
# .
# waveform.wlf
# ** Warning: NUMERIC_STD.TO_INTEGER: metavalue detected, returning 0
#    Time: 0 ns  Iteration: 0  Instance: .processor_tb.inst.inst9
# ** Warning: NUMERIC_STD.TO_INTEGER: metavalue detected, returning 0
#    Time: 0 ns  Iteration: 0  Instance: .processor_tb.inst.inst4
# ** Warning: NUMERIC_STD.TO_INTEGER: metavalue detected, returning 0
#    Time: 0 ns  Iteration: 0  Instance: .processor_tb.inst.inst4
# ** Warning: NUMERIC_STD.TO_INTEGER: metavalue detected, returning 0
#    Time: 0 ns  Iteration: 0  Instance: .processor_tb.inst.inst0
# End time: 17:08:55 on Jan 25,2016, Elapsed time: 0:00:01
# Errors: 0, Warnings: 4
